<?xml version="1.0" encoding="UTF-8"?>
<!-- Generated by org.testng.reporters.JUnitReportReporter -->
<testsuite name="Test.SearchingTweet" tests="1" time="22.649" ignored="0" failures="0" timestamp="16 Oct 2019 11:35:58 GMT" skipped="0" hostname="CBT-MH-000" errors="0">
  <testcase name="searchTweet" time="22.649" classname="Test.SearchingTweet"/>
</testsuite> <!-- Test.SearchingTweet -->
