<?xml version="1.0" encoding="UTF-8"?>
<!-- Generated by org.testng.reporters.JUnitReportReporter -->
<testsuite name="Files.GetTimestamp" tests="1" time="0.144" ignored="0" failures="0" timestamp="15 Oct 2019 08:35:59 GMT" skipped="0" hostname="CBT-MH-000" errors="0">
  <testcase name="timeStamp" time="0.144" classname="Files.GetTimestamp"/>
</testsuite> <!-- Files.GetTimestamp -->
