<?xml version="1.0" encoding="UTF-8"?>
<!-- Generated by org.testng.reporters.JUnitReportReporter -->
<testsuite name="Test.DisplayingUsername" tests="1" time="7.922" ignored="0" failures="0" timestamp="12 Oct 2019 11:10:13 GMT" skipped="0" hostname="CBT-MH-000" errors="0">
  <testcase name="searchTweet" time="7.922" classname="Test.DisplayingUsername"/>
</testsuite> <!-- Test.DisplayingUsername -->
