<?xml version="1.0" encoding="UTF-8"?>
<!-- Generated by org.testng.reporters.JUnitReportReporter -->
<testsuite name="Test.ListTweetsofUser" tests="1" time="6.706" ignored="0" failures="0" timestamp="10 Oct 2019 08:30:07 GMT" skipped="0" hostname="CBT-MH-000" errors="0">
  <testcase name="searchTweet" time="6.706" classname="Test.ListTweetsofUser"/>
</testsuite> <!-- Test.ListTweetsofUser -->
