<?xml version="1.0" encoding="UTF-8"?>
<!-- Generated by org.testng.reporters.JUnitReportReporter -->
<testsuite name="Test.BlockUser" tests="1" time="5.211" ignored="0" failures="0" timestamp="10 Oct 2019 08:44:39 GMT" skipped="0" hostname="CBT-MH-000" errors="0">
  <testcase name="searchTweet" time="5.211" classname="Test.BlockUser"/>
</testsuite> <!-- Test.BlockUser -->
