<?xml version="1.0" encoding="UTF-8"?>
<!-- Generated by org.testng.reporters.JUnitReportReporter -->
<testsuite name="Test.SearchingTweet" tests="1" time="5.570" ignored="0" failures="0" timestamp="11 Oct 2019 12:30:13 GMT" skipped="0" hostname="CBT-MH-000" errors="0">
  <testcase name="searchTweet" time="5.570" classname="Test.SearchingTweet"/>
</testsuite> <!-- Test.SearchingTweet -->
