<?xml version="1.0" encoding="UTF-8"?>
<!-- Generated by org.testng.reporters.JUnitReportReporter -->
<testsuite name="Test.CreatingTweet" tests="1" time="4.027" ignored="0" failures="0" timestamp="09 Oct 2019 09:41:30 GMT" skipped="0" hostname="CBT-MH-000" errors="0">
  <testcase name="createTweet" time="4.027" classname="Test.CreatingTweet"/>
</testsuite> <!-- Test.CreatingTweet -->
