<?xml version="1.0" encoding="UTF-8"?>
<!-- Generated by org.testng.reporters.JUnitReportReporter -->
<testsuite name="Test.TrendingHashTags" tests="1" time="6.244" ignored="0" failures="0" timestamp="16 Oct 2019 12:11:54 GMT" skipped="0" hostname="CBT-MH-000" errors="0">
  <testcase name="DisplayHashtag" time="6.244" classname="Test.TrendingHashTags"/>
</testsuite> <!-- Test.TrendingHashTags -->
