<?xml version="1.0" encoding="UTF-8"?>
<!-- Generated by org.testng.reporters.JUnitReportReporter -->
<testsuite name="Files.ProvideHashTag" tests="1" time="6.621" ignored="0" failures="0" timestamp="23 Oct 2019 05:17:05 GMT" skipped="0" hostname="CBT-MH-000" errors="0">
  <testcase name="provideHashtag" time="6.621" classname="Files.ProvideHashTag"/>
</testsuite> <!-- Files.ProvideHashTag -->
