<?xml version="1.0" encoding="UTF-8"?>
<!-- Generated by org.testng.reporters.JUnitReportReporter -->
<testsuite name="Files.GetUserByQuery" tests="1" time="5.378" ignored="0" failures="0" timestamp="10 Oct 2019 07:16:37 GMT" skipped="0" hostname="CBT-MH-000" errors="0">
  <testcase name="getUsers" time="5.378" classname="Files.GetUserByQuery"/>
</testsuite> <!-- Files.GetUserByQuery -->
