<?xml version="1.0" encoding="UTF-8"?>
<!-- Generated by org.testng.reporters.JUnitReportReporter -->
<testsuite name="Test.WeatherUpdate" tests="1" time="2.188" ignored="0" failures="0" timestamp="31 Oct 2019 04:12:05 GMT" skipped="0" hostname="CBT-MH-000" errors="0">
  <testcase name="weatherTweet" time="2.188" classname="Test.WeatherUpdate"/>
</testsuite> <!-- Test.WeatherUpdate -->
