<?xml version="1.0" encoding="UTF-8"?>
<!-- Generated by org.testng.reporters.JUnitReportReporter -->
<testsuite name="Test.CreatingTweet" tests="1" time="8.170" ignored="0" failures="0" timestamp="31 Oct 2019 04:12:05 GMT" skipped="0" hostname="CBT-MH-000" errors="0">
  <testcase name="createTweet" time="8.170" classname="Test.CreatingTweet"/>
</testsuite> <!-- Test.CreatingTweet -->
