<?xml version="1.0" encoding="UTF-8"?>
<!-- Generated by org.testng.reporters.JUnitReportReporter -->
<testsuite name="Files.GetFollwers" tests="1" time="5.752" ignored="0" failures="0" timestamp="10 Oct 2019 05:04:24 GMT" skipped="0" hostname="CBT-MH-000" errors="0">
  <testcase name="getFollowers" time="5.752" classname="Files.GetFollwers"/>
</testsuite> <!-- Files.GetFollwers -->
