<?xml version="1.0" encoding="UTF-8"?>
<!-- Generated by org.testng.reporters.JUnitReportReporter -->
<testsuite name="Test.ListTweetsofUser" tests="1" time="4.691" ignored="0" failures="0" timestamp="31 Oct 2019 04:12:05 GMT" skipped="0" hostname="CBT-MH-000" errors="0">
  <testcase name="searchTweet" time="4.691" classname="Test.ListTweetsofUser"/>
</testsuite> <!-- Test.ListTweetsofUser -->
